2020-04-15 10:29:47,214 INFO notifyConnectTimeout:200

2020-04-15 10:29:47,223 INFO notifySocketTimeout:8000

2020-04-15 10:29:47,223 INFO isHealthCheck:true

2020-04-15 10:29:47,223 INFO maxHealthCheckFailCount:12

2020-04-15 10:29:47,223 INFO maxContent:10485760

2020-04-15 10:29:47,224 INFO spring.datasource.platform:mysql

2020-04-15 10:29:48,695 INFO ServerListService address-server port:8080

2020-04-15 10:29:48,695 INFO ADDRESS_SERVER_URL:http://jmenv.tbsite.net:8080/nacos/serverlist

2020-04-15 10:29:48,696 WARN [serverlist] updated to [10.43.1.1:8848]

2020-04-15 10:29:48,746 WARN DumpService start

2020-04-15 10:29:48,749 INFO start clear all config-info.

2020-04-15 10:29:48,755 INFO clear all config-info success.

2020-04-15 10:29:48,755 WARN clear all config-info-tenant failed.

2020-04-15 10:29:48,803 INFO [all-dump] 2 / 2

2020-04-15 10:29:48,803 INFO start clear all config-info-beta.

2020-04-15 10:29:48,803 WARN clear all config-info-beta failed.

2020-04-15 10:29:48,803 WARN clear all config-info-beta-tenant failed.

2020-04-15 10:29:48,805 INFO start clear all config-info-tag.

2020-04-15 10:29:48,805 WARN clear all config-info-tag failed.

2020-04-15 10:29:48,805 WARN clear all config-info-tag-tenant failed.

