2020-04-15 00:02:23,067 INFO PERFORMANCE:|3|1|-1|-1

2020-04-15 00:07:23,073 INFO PERFORMANCE:|3|0|-1|-1

2020-04-15 00:12:23,074 INFO PERFORMANCE:|3|0|-1|-1

2020-04-15 00:17:23,075 INFO PERFORMANCE:|3|1|-1|-1

2020-04-15 00:22:23,075 INFO PERFORMANCE:|3|1|-1|-1

2020-04-15 10:30:18,819 INFO PERFORMANCE:|0|0|-1|-1

2020-04-15 10:35:18,820 INFO PERFORMANCE:|3|4|-1|-1

2020-04-15 10:40:18,820 INFO PERFORMANCE:|3|3|-1|-1

2020-04-15 10:45:18,821 INFO PERFORMANCE:|3|4|-1|-1

2020-04-15 10:50:18,821 INFO PERFORMANCE:|3|1|-1|-1

2020-04-15 10:55:18,821 INFO PERFORMANCE:|3|1|-1|-1

2020-04-15 11:00:18,823 INFO PERFORMANCE:|3|1|-1|-1

2020-04-15 11:05:18,823 INFO PERFORMANCE:|3|1|-1|-1

2020-04-15 11:10:18,824 INFO PERFORMANCE:|3|1|-1|-1

2020-04-15 11:15:18,824 INFO PERFORMANCE:|3|1|-1|-1

2020-04-15 11:20:18,825 INFO PERFORMANCE:|3|1|-1|-1

2020-04-15 11:25:18,826 INFO PERFORMANCE:|3|1|-1|-1

2020-04-15 11:30:18,827 INFO PERFORMANCE:|3|1|-1|-1

2020-04-15 11:35:18,827 INFO PERFORMANCE:|3|1|-1|-1

2020-04-15 11:40:18,828 INFO PERFORMANCE:|3|1|-1|-1

2020-04-15 11:45:18,829 INFO PERFORMANCE:|3|1|-1|-1

2020-04-15 11:50:18,830 INFO PERFORMANCE:|3|1|-1|-1

2020-04-15 11:55:18,831 INFO PERFORMANCE:|3|1|-1|-1

2020-04-15 12:00:18,832 INFO PERFORMANCE:|3|1|-1|-1

2020-04-15 12:05:18,834 INFO PERFORMANCE:|3|1|-1|-1

2020-04-15 12:10:18,834 INFO PERFORMANCE:|3|1|-1|-1

2020-04-15 12:15:18,835 INFO PERFORMANCE:|3|1|-1|-1

2020-04-15 12:20:18,837 INFO PERFORMANCE:|3|1|-1|-1

2020-04-15 12:25:18,837 INFO PERFORMANCE:|3|1|-1|-1

2020-04-15 12:30:18,837 INFO PERFORMANCE:|3|1|-1|-1

2020-04-15 12:35:18,839 INFO PERFORMANCE:|3|1|-1|-1

2020-04-15 12:40:18,840 INFO PERFORMANCE:|3|1|-1|-1

2020-04-15 12:45:18,840 INFO PERFORMANCE:|3|1|-1|-1

2020-04-15 12:50:18,841 INFO PERFORMANCE:|3|1|-1|-1

2020-04-15 12:55:18,841 INFO PERFORMANCE:|3|1|-1|-1

2020-04-15 13:00:18,842 INFO PERFORMANCE:|3|1|-1|-1

2020-04-15 13:05:18,843 INFO PERFORMANCE:|3|1|-1|-1

2020-04-15 13:10:18,844 INFO PERFORMANCE:|3|1|-1|-1

2020-04-15 13:15:18,844 INFO PERFORMANCE:|3|1|-1|-1

2020-04-15 13:20:18,846 INFO PERFORMANCE:|3|1|-1|-1

2020-04-15 13:25:18,848 INFO PERFORMANCE:|3|1|-1|-1

2020-04-15 13:30:18,848 INFO PERFORMANCE:|3|1|-1|-1

2020-04-15 13:35:18,850 INFO PERFORMANCE:|3|1|-1|-1

2020-04-15 13:40:18,851 INFO PERFORMANCE:|3|1|-1|-1

2020-04-15 13:45:18,852 INFO PERFORMANCE:|3|1|-1|-1

2020-04-15 13:50:18,852 INFO PERFORMANCE:|3|1|-1|-1

2020-04-15 13:55:18,853 INFO PERFORMANCE:|4|2|-1|-1

2020-04-15 14:00:18,853 INFO PERFORMANCE:|4|2|-1|-1

2020-04-15 14:05:18,854 INFO PERFORMANCE:|4|2|-1|-1

2020-04-15 14:10:18,855 INFO PERFORMANCE:|4|1|-1|-1

2020-04-15 14:15:18,855 INFO PERFORMANCE:|4|1|-1|-1

2020-04-15 14:20:18,857 INFO PERFORMANCE:|4|1|-1|-1

2020-04-15 14:25:18,858 INFO PERFORMANCE:|4|1|-1|-1

2020-04-15 14:30:18,859 INFO PERFORMANCE:|4|1|-1|-1

2020-04-15 14:35:18,860 INFO PERFORMANCE:|4|1|-1|-1

2020-04-15 14:40:18,861 INFO PERFORMANCE:|4|1|-1|-1

2020-04-15 14:45:18,863 INFO PERFORMANCE:|4|1|-1|-1

2020-04-15 14:50:18,864 INFO PERFORMANCE:|4|1|-1|-1

2020-04-15 14:55:18,865 INFO PERFORMANCE:|4|1|-1|-1

2020-04-15 15:00:18,865 INFO PERFORMANCE:|4|1|-1|-1

2020-04-15 15:05:18,866 INFO PERFORMANCE:|4|1|-1|-1

2020-04-15 15:10:18,867 INFO PERFORMANCE:|4|1|-1|-1

2020-04-15 15:15:18,867 INFO PERFORMANCE:|4|1|-1|-1

2020-04-15 15:20:18,868 INFO PERFORMANCE:|4|1|-1|-1

2020-04-15 15:25:18,870 INFO PERFORMANCE:|4|1|-1|-1

2020-04-15 15:30:18,871 INFO PERFORMANCE:|4|1|-1|-1

2020-04-15 15:35:18,872 INFO PERFORMANCE:|4|1|-1|-1

2020-04-15 15:40:18,873 INFO PERFORMANCE:|4|1|-1|-1

2020-04-15 15:45:18,875 INFO PERFORMANCE:|4|1|-1|-1

2020-04-15 15:50:18,875 INFO PERFORMANCE:|4|1|-1|-1

2020-04-15 15:55:18,876 INFO PERFORMANCE:|4|1|-1|-1

2020-04-15 16:00:18,877 INFO PERFORMANCE:|4|1|-1|-1

2020-04-15 16:05:18,879 INFO PERFORMANCE:|4|1|-1|-1

2020-04-15 16:10:18,879 INFO PERFORMANCE:|4|1|-1|-1

2020-04-15 16:15:18,880 INFO PERFORMANCE:|4|1|-1|-1

2020-04-15 16:20:18,882 INFO PERFORMANCE:|4|1|-1|-1

2020-04-15 16:25:18,883 INFO PERFORMANCE:|4|1|-1|-1

2020-04-15 16:30:18,884 INFO PERFORMANCE:|4|1|-1|-1

2020-04-15 16:35:18,885 INFO PERFORMANCE:|4|1|-1|-1

2020-04-15 16:40:18,885 INFO PERFORMANCE:|4|1|-1|-1

2020-04-15 16:45:18,886 INFO PERFORMANCE:|4|1|-1|-1

2020-04-15 16:50:18,888 INFO PERFORMANCE:|4|1|-1|-1

2020-04-15 16:55:18,888 INFO PERFORMANCE:|4|1|-1|-1

2020-04-15 17:00:18,888 INFO PERFORMANCE:|4|1|-1|-1

2020-04-15 17:05:18,889 INFO PERFORMANCE:|4|1|-1|-1

2020-04-15 17:10:18,890 INFO PERFORMANCE:|4|1|-1|-1

2020-04-15 17:15:18,891 INFO PERFORMANCE:|4|1|-1|-1

2020-04-15 17:20:18,891 INFO PERFORMANCE:|4|1|-1|-1

2020-04-15 17:25:18,893 INFO PERFORMANCE:|4|1|-1|-1

2020-04-15 17:30:18,895 INFO PERFORMANCE:|4|1|-1|-1

2020-04-15 17:35:18,896 INFO PERFORMANCE:|4|1|-1|-1

2020-04-15 17:40:18,896 INFO PERFORMANCE:|4|1|-1|-1

2020-04-15 17:45:18,898 INFO PERFORMANCE:|4|1|-1|-1

2020-04-15 17:50:18,899 INFO PERFORMANCE:|4|1|-1|-1

2020-04-15 17:55:18,900 INFO PERFORMANCE:|4|1|-1|-1

2020-04-15 18:00:18,901 INFO PERFORMANCE:|4|1|-1|-1

2020-04-15 18:05:18,902 INFO PERFORMANCE:|4|1|-1|-1

2020-04-15 18:10:18,904 INFO PERFORMANCE:|4|1|-1|-1

2020-04-15 18:15:18,906 INFO PERFORMANCE:|4|1|-1|-1

2020-04-15 18:20:18,907 INFO PERFORMANCE:|4|1|-1|-1

2020-04-15 18:25:18,908 INFO PERFORMANCE:|4|1|-1|-1

2020-04-15 18:30:18,909 INFO PERFORMANCE:|4|1|-1|-1

2020-04-15 18:35:18,910 INFO PERFORMANCE:|4|0|-1|-1

2020-04-15 18:40:18,911 INFO PERFORMANCE:|4|0|-1|-1

2020-04-15 18:45:18,912 INFO PERFORMANCE:|5|1|-1|-1

2020-04-15 18:50:18,913 INFO PERFORMANCE:|5|2|-1|-1

2020-04-15 18:55:18,914 INFO PERFORMANCE:|5|2|-1|-1

2020-04-15 19:00:18,915 INFO PERFORMANCE:|5|1|-1|-1

2020-04-15 19:05:18,917 INFO PERFORMANCE:|5|1|-1|-1

2020-04-15 19:10:18,918 INFO PERFORMANCE:|5|1|-1|-1

2020-04-15 19:15:18,920 INFO PERFORMANCE:|6|2|-1|-1

2020-04-15 19:20:18,922 INFO PERFORMANCE:|6|1|-1|-1

2020-04-15 19:25:18,923 INFO PERFORMANCE:|7|2|-1|-1

2020-04-15 19:30:18,924 INFO PERFORMANCE:|7|2|-1|-1

2020-04-15 19:35:18,925 INFO PERFORMANCE:|7|2|-1|-1

2020-04-15 19:40:18,926 INFO PERFORMANCE:|7|2|-1|-1

2020-04-15 19:45:18,926 INFO PERFORMANCE:|7|2|-1|-1

2020-04-15 19:50:18,927 INFO PERFORMANCE:|7|2|-1|-1

2020-04-15 19:55:18,928 INFO PERFORMANCE:|7|2|-1|-1

2020-04-15 20:00:18,929 INFO PERFORMANCE:|7|4|-1|-1

2020-04-15 20:05:18,929 INFO PERFORMANCE:|7|4|-1|-1

2020-04-15 20:10:18,931 INFO PERFORMANCE:|7|4|-1|-1

2020-04-15 20:15:18,931 INFO PERFORMANCE:|7|4|-1|-1

2020-04-15 20:20:18,932 INFO PERFORMANCE:|7|4|-1|-1

2020-04-15 20:25:18,933 INFO PERFORMANCE:|7|4|-1|-1

2020-04-15 20:30:18,934 INFO PERFORMANCE:|7|3|-1|-1

2020-04-15 20:35:18,935 INFO PERFORMANCE:|7|1|-1|-1

2020-04-15 20:40:18,936 INFO PERFORMANCE:|7|1|-1|-1

2020-04-15 20:45:18,937 INFO PERFORMANCE:|7|1|-1|-1

2020-04-15 20:50:18,938 INFO PERFORMANCE:|7|1|-1|-1

2020-04-15 20:55:18,939 INFO PERFORMANCE:|7|1|-1|-1

2020-04-15 21:00:18,940 INFO PERFORMANCE:|7|1|-1|-1

2020-04-15 21:05:18,940 INFO PERFORMANCE:|7|1|-1|-1

2020-04-15 21:10:18,941 INFO PERFORMANCE:|7|1|-1|-1

2020-04-15 21:15:18,943 INFO PERFORMANCE:|7|1|-1|-1

2020-04-15 21:20:18,943 INFO PERFORMANCE:|7|1|-1|-1

2020-04-15 21:25:18,944 INFO PERFORMANCE:|7|1|-1|-1

2020-04-15 21:30:18,945 INFO PERFORMANCE:|7|1|-1|-1

2020-04-15 21:35:18,946 INFO PERFORMANCE:|7|1|-1|-1

2020-04-15 21:40:18,946 INFO PERFORMANCE:|7|1|-1|-1

2020-04-15 21:45:18,948 INFO PERFORMANCE:|7|1|-1|-1

