2020-04-13 13:28:11,877 INFO DEFAULT_GROUP@@alibaba-provider-payment is changed, add it to push queue.

2020-04-13 13:36:13,549 INFO DEFAULT_GROUP@@alibaba-provider-payment is changed, add it to push queue.

2020-04-13 13:36:20,101 INFO DEFAULT_GROUP@@alibaba-provider-payment901 is changed, add it to push queue.

2020-04-13 13:37:08,238 INFO DEFAULT_GROUP@@alibaba-provider-payment901 is changed, add it to push queue.

2020-04-13 13:37:14,587 INFO DEFAULT_GROUP@@alibaba-provider-payment is changed, add it to push queue.

2020-04-13 13:39:56,654 INFO DEFAULT_GROUP@@alibaba-provider-payment is changed, add it to push queue.

2020-04-13 13:42:30,847 INFO DEFAULT_GROUP@@alibaba-provider-payment is changed, add it to push queue.

2020-04-13 13:43:06,979 INFO DEFAULT_GROUP@@alibaba-provider-payment is changed, add it to push queue.

2020-04-13 13:43:22,072 INFO DEFAULT_GROUP@@alibaba-provider-payment is changed, add it to push queue.

2020-04-13 13:43:37,434 INFO DEFAULT_GROUP@@alibaba-provider-payment is changed, add it to push queue.

2020-04-13 13:43:56,168 INFO DEFAULT_GROUP@@alibaba-provider-payment is changed, add it to push queue.

2020-04-13 13:44:02,070 INFO DEFAULT_GROUP@@alibaba-provider-payment is changed, add it to push queue.

2020-04-13 13:44:17,072 INFO DEFAULT_GROUP@@alibaba-provider-payment is changed, add it to push queue.

2020-04-13 13:44:32,079 INFO DEFAULT_GROUP@@alibaba-provider-payment is changed, add it to push queue.

2020-04-13 13:46:37,882 INFO DEFAULT_GROUP@@alibaba-provider-payment is changed, add it to push queue.

2020-04-13 14:50:20,034 INFO DEFAULT_GROUP@@alibaba-provider-payment is changed, add it to push queue.

2020-04-13 14:50:26,585 INFO DEFAULT_GROUP@@alibaba-provider-payment is changed, add it to push queue.

2020-04-13 14:51:09,620 INFO DEFAULT_GROUP@@alibaba-provider-payment is changed, add it to push queue.

2020-04-13 14:51:17,060 INFO DEFAULT_GROUP@@alibaba-provider-payment is changed, add it to push queue.

2020-04-13 14:51:59,416 INFO DEFAULT_GROUP@@alibaba-consumer-nacos-order is changed, add it to push queue.

2020-04-13 14:53:27,923 INFO DEFAULT_GROUP@@alibaba-consumer-nacos-order is changed, add it to push queue.

2020-04-13 14:53:54,291 INFO DEFAULT_GROUP@@alibaba-consumer-nacos-order is changed, add it to push queue.

2020-04-13 14:54:00,629 INFO DEFAULT_GROUP@@alibaba-consumer-nacos-order is changed, add it to push queue.

2020-04-13 14:56:12,345 INFO DEFAULT_GROUP@@alibaba-consumer-nacos-order is changed, add it to push queue.

2020-04-13 14:56:12,503 INFO DEFAULT_GROUP@@alibaba-provider-payment is changed, add it to push queue.

2020-04-13 14:56:19,255 INFO DEFAULT_GROUP@@consumer-nacos-order is changed, add it to push queue.

2020-04-13 14:56:19,515 INFO DEFAULT_GROUP@@nacos-provider-payment is changed, add it to push queue.

2020-04-13 14:56:41,241 INFO DEFAULT_GROUP@@consumer-nacos-order is changed, add it to push queue.

2020-04-13 14:56:47,626 INFO DEFAULT_GROUP@@nacos-consumer-order is changed, add it to push queue.

2020-04-13 14:57:58,194 INFO DEFAULT_GROUP@@nacos-consumer-order is changed, add it to push queue.

2020-04-13 14:58:09,196 INFO DEFAULT_GROUP@@nacos-consumer-order is changed, add it to push queue.

2020-04-13 14:58:40,164 INFO DEFAULT_GROUP@@nacos-consumer-order is changed, add it to push queue.

2020-04-13 14:58:46,578 INFO DEFAULT_GROUP@@nacos-consumer-order is changed, add it to push queue.

2020-04-13 15:00:48,915 INFO DEFAULT_GROUP@@nacos-consumer-order is changed, add it to push queue.

2020-04-13 15:00:49,562 INFO DEFAULT_GROUP@@nacos-provider-payment is changed, add it to push queue.

2020-04-13 15:01:04,569 INFO DEFAULT_GROUP@@nacos-provider-payment is changed, add it to push queue.

2020-04-13 15:01:08,841 INFO DEFAULT_GROUP@@nacos-consumer-order is changed, add it to push queue.

2020-04-13 15:01:15,199 INFO DEFAULT_GROUP@@nacos-consumer-order is changed, add it to push queue.

2020-04-13 15:41:10,909 INFO DEFAULT_GROUP@@nacos-config-client is changed, add it to push queue.

2020-04-13 15:43:18,103 INFO DEFAULT_GROUP@@nacos-config-client is changed, add it to push queue.

2020-04-13 15:43:24,697 INFO DEFAULT_GROUP@@nacos-config-client is changed, add it to push queue.

2020-04-13 15:45:31,919 INFO DEFAULT_GROUP@@nacos-config-client is changed, add it to push queue.

2020-04-13 15:45:38,455 INFO DEFAULT_GROUP@@nacos-config-client is changed, add it to push queue.

2020-04-13 15:45:40,495 INFO DEFAULT_GROUP@@nacos-config-client is changed, add it to push queue.

2020-04-13 15:45:46,929 INFO DEFAULT_GROUP@@nacos-config-client is changed, add it to push queue.

2020-04-13 16:03:08,145 INFO DEFAULT_GROUP@@nacos-config-client is changed, add it to push queue.

2020-04-13 16:05:02,275 INFO DEFAULT_GROUP@@nacos-config-client is changed, add it to push queue.

2020-04-13 16:05:08,794 INFO DEFAULT_GROUP@@nacos-config-client is changed, add it to push queue.

2020-04-13 16:10:05,370 INFO DEFAULT_GROUP@@nacos-config-client is changed, add it to push queue.

2020-04-13 16:11:45,557 INFO DEFAULT_GROUP@@nacos-config-client is changed, add it to push queue.

2020-04-13 16:12:52,584 INFO DEFAULT_GROUP@@nacos-config-client is changed, add it to push queue.

2020-04-13 16:12:59,399 INFO DEFAULT_GROUP@@nacos-config-client is changed, add it to push queue.

2020-04-13 17:32:02,707 INFO DEFAULT_GROUP@@nacos-config-client is changed, add it to push queue.

2020-04-13 17:32:09,277 INFO DEFAULT_GROUP@@nacos-config-client is changed, add it to push queue.

2020-04-13 17:34:01,901 INFO DEFAULT_GROUP@@nacos-config-client is changed, add it to push queue.

2020-04-13 17:34:16,905 INFO DEFAULT_GROUP@@nacos-config-client is changed, add it to push queue.

2020-04-13 17:34:51,646 INFO DEFAULT_GROUP@@nacos-config-client-dev is changed, add it to push queue.

2020-04-13 17:35:44,680 INFO DEFAULT_GROUP@@nacos-config-client-dev is changed, add it to push queue.

2020-04-13 17:35:51,321 INFO DEFAULT_GROUP@@nacos-config-client-dev is changed, add it to push queue.

2020-04-13 18:14:34,710 INFO DEFAULT_GROUP@@nacos-provider-payment is changed, add it to push queue.

2020-04-13 18:14:34,713 INFO DEFAULT_GROUP@@nacos-consumer-order is changed, add it to push queue.

2020-04-13 18:14:34,714 INFO DEFAULT_GROUP@@nacos-config-client-dev is changed, add it to push queue.

2020-04-13 18:25:59,791 INFO DEFAULT_GROUP@@nacos-consumer-order is changed, add it to push queue.

2020-04-13 18:25:59,791 INFO DEFAULT_GROUP@@nacos-provider-payment is changed, add it to push queue.

2020-04-13 18:26:14,880 INFO DEFAULT_GROUP@@nacos-provider-payment is changed, add it to push queue.

2020-04-13 18:26:14,880 INFO DEFAULT_GROUP@@nacos-consumer-order is changed, add it to push queue.

